-------------------------------------------------------------------------------
Test set: br.com.avaliacao.domain.repository.ProdutoRepositoryTest
-------------------------------------------------------------------------------
Tests run: 4, Failures: 0, Errors: 4, Skipped: 0, Time elapsed: 0.034 s <<< FAILURE! -- in br.com.avaliacao.domain.repository.ProdutoRepositoryTest
br.com.avaliacao.domain.repository.ProdutoRepositoryTest.dadoProdutoValido_quandoSalvar_entaoPersisteDados -- Time elapsed: 0.028 s <<< ERROR!
org.mockito.exceptions.base.MockitoException: 

Cannot instantiate @InjectMocks field named 'produtoRepository'! Cause: the type 'ProdutoRepository' is an interface.
You haven't provided the instance at field declaration so I tried to construct the instance.
Examples of correct usage of @InjectMocks:
   @InjectMocks Service service = new Service();
   @InjectMocks Service service;
   //and... don't forget about some @Mocks for injection :)

	at org.mockito.junit.jupiter.MockitoExtension.beforeEach(MockitoExtension.java:160)
	at java.base/java.util.ArrayList.forEach(ArrayList.java:1511)
	at java.base/java.util.ArrayList.forEach(ArrayList.java:1511)
	Suppressed: java.lang.NullPointerException: Cannot invoke "java.util.Set.forEach(java.util.function.Consumer)" because the return value of "org.junit.jupiter.api.extension.ExtensionContext$Store.remove(Object, java.lang.Class)" is null
		at org.mockito.junit.jupiter.MockitoExtension.afterEach(MockitoExtension.java:194)
		... 2 more

br.com.avaliacao.domain.repository.ProdutoRepositoryTest.dadoProdutoIdInvalido_quandoProcurarPorId_entaoRetornaOptionalVazio -- Time elapsed: 0.001 s <<< ERROR!
org.mockito.exceptions.base.MockitoException: 

Cannot instantiate @InjectMocks field named 'produtoRepository'! Cause: the type 'ProdutoRepository' is an interface.
You haven't provided the instance at field declaration so I tried to construct the instance.
Examples of correct usage of @InjectMocks:
   @InjectMocks Service service = new Service();
   @InjectMocks Service service;
   //and... don't forget about some @Mocks for injection :)

	at org.mockito.junit.jupiter.MockitoExtension.beforeEach(MockitoExtension.java:160)
	at java.base/java.util.ArrayList.forEach(ArrayList.java:1511)
	at java.base/java.util.ArrayList.forEach(ArrayList.java:1511)
	Suppressed: java.lang.NullPointerException: Cannot invoke "java.util.Set.forEach(java.util.function.Consumer)" because the return value of "org.junit.jupiter.api.extension.ExtensionContext$Store.remove(Object, java.lang.Class)" is null
		at org.mockito.junit.jupiter.MockitoExtension.afterEach(MockitoExtension.java:194)
		... 2 more

br.com.avaliacao.domain.repository.ProdutoRepositoryTest.dadoProdutoIdValido_quandoProcurarPorId_entaoRetornaProduto -- Time elapsed: 0.001 s <<< ERROR!
org.mockito.exceptions.base.MockitoException: 

Cannot instantiate @InjectMocks field named 'produtoRepository'! Cause: the type 'ProdutoRepository' is an interface.
You haven't provided the instance at field declaration so I tried to construct the instance.
Examples of correct usage of @InjectMocks:
   @InjectMocks Service service = new Service();
   @InjectMocks Service service;
   //and... don't forget about some @Mocks for injection :)

	at org.mockito.junit.jupiter.MockitoExtension.beforeEach(MockitoExtension.java:160)
	at java.base/java.util.ArrayList.forEach(ArrayList.java:1511)
	at java.base/java.util.ArrayList.forEach(ArrayList.java:1511)
	Suppressed: java.lang.NullPointerException: Cannot invoke "java.util.Set.forEach(java.util.function.Consumer)" because the return value of "org.junit.jupiter.api.extension.ExtensionContext$Store.remove(Object, java.lang.Class)" is null
		at org.mockito.junit.jupiter.MockitoExtension.afterEach(MockitoExtension.java:194)
		... 2 more

br.com.avaliacao.domain.repository.ProdutoRepositoryTest.dadoProdutoId_quandoDeletar_entaoRemoveProduto -- Time elapsed: 0.001 s <<< ERROR!
org.mockito.exceptions.base.MockitoException: 

Cannot instantiate @InjectMocks field named 'produtoRepository'! Cause: the type 'ProdutoRepository' is an interface.
You haven't provided the instance at field declaration so I tried to construct the instance.
Examples of correct usage of @InjectMocks:
   @InjectMocks Service service = new Service();
   @InjectMocks Service service;
   //and... don't forget about some @Mocks for injection :)

	at org.mockito.junit.jupiter.MockitoExtension.beforeEach(MockitoExtension.java:160)
	at java.base/java.util.ArrayList.forEach(ArrayList.java:1511)
	at java.base/java.util.ArrayList.forEach(ArrayList.java:1511)
	Suppressed: java.lang.NullPointerException: Cannot invoke "java.util.Set.forEach(java.util.function.Consumer)" because the return value of "org.junit.jupiter.api.extension.ExtensionContext$Store.remove(Object, java.lang.Class)" is null
		at org.mockito.junit.jupiter.MockitoExtension.afterEach(MockitoExtension.java:194)
		... 2 more

